<?xml version="1.0" encoding="UTF-8"?>
<!-- Generated by org.testng.reporters.JUnitReportReporter -->
<testsuite hostname="VENKATESWARA" failures="0" tests="3" name="com.qa.gorest.tests.CreateUserTest" time="4.091" errors="0" timestamp="2023-08-26T15:33:49 EDT" skipped="0">
  <testcase classname="com.qa.gorest.tests.CreateUserTest" name="createNewUserTest" time="0.767"/>
  <testcase classname="com.qa.gorest.tests.CreateUserTest" name="createNewUserTest" time="2.114"/>
  <testcase classname="com.qa.gorest.tests.CreateUserTest" name="createNewUserTest" time="1.210"/>
</testsuite> <!-- com.qa.gorest.tests.CreateUserTest -->
