<?xml version="1.0" encoding="UTF-8"?>
<!-- Generated by org.testng.reporters.JUnitReportReporter -->
<testsuite hostname="VENKATESWARA" failures="0" tests="1" name="com.qa.gorest.tests.APISchemaValidationsTest" time="2.346" errors="0" timestamp="2023-08-26T15:33:49 EDT" skipped="0">
  <testcase classname="com.qa.gorest.tests.APISchemaValidationsTest" name="createAPIUserSchemaTest" time="2.346"/>
</testsuite> <!-- com.qa.gorest.tests.APISchemaValidationsTest -->
